2013-12-25 08:31:42 Debug: Notice (8): Trying to get property of non-object in [C:\wamp\www\peeko\app\webroot\admin\app\Controller\BlocksController.php, line 53]
Trace:
BlocksController::getsite() - APP\Controller\BlocksController.php, line 53
ReflectionMethod::invokeArgs() - [internal], line ??
Controller::invokeAction() - CORE\Cake\Controller\Controller.php, line 490
Dispatcher::_invoke() - CORE\Cake\Routing\Dispatcher.php, line 185
Dispatcher::dispatch() - CORE\Cake\Routing\Dispatcher.php, line 160
[main] - APP\webroot\index.php, line 108

2013-12-25 08:43:17 Debug: Notice (8): Trying to get property of non-object in [C:\wamp\www\peeko\app\webroot\admin\app\Controller\BlocksController.php, line 53]
Trace:
BlocksController::getsite() - APP\Controller\BlocksController.php, line 53
ReflectionMethod::invokeArgs() - [internal], line ??
Controller::invokeAction() - CORE\Cake\Controller\Controller.php, line 490
Dispatcher::_invoke() - CORE\Cake\Routing\Dispatcher.php, line 185
Dispatcher::dispatch() - CORE\Cake\Routing\Dispatcher.php, line 160
[main] - APP\webroot\index.php, line 108

2013-12-25 08:44:10 Debug: Notice (8): Trying to get property of non-object in [C:\wamp\www\peeko\app\webroot\admin\app\Controller\BlocksController.php, line 53]
Trace:
BlocksController::getsite() - APP\Controller\BlocksController.php, line 53
ReflectionMethod::invokeArgs() - [internal], line ??
Controller::invokeAction() - CORE\Cake\Controller\Controller.php, line 490
Dispatcher::_invoke() - CORE\Cake\Routing\Dispatcher.php, line 185
Dispatcher::dispatch() - CORE\Cake\Routing\Dispatcher.php, line 160
[main] - APP\webroot\index.php, line 108

2013-12-25 08:44:15 Debug: Notice (8): Trying to get property of non-object in [C:\wamp\www\peeko\app\webroot\admin\app\Controller\BlocksController.php, line 53]
Trace:
BlocksController::getsite() - APP\Controller\BlocksController.php, line 53
ReflectionMethod::invokeArgs() - [internal], line ??
Controller::invokeAction() - CORE\Cake\Controller\Controller.php, line 490
Dispatcher::_invoke() - CORE\Cake\Routing\Dispatcher.php, line 185
Dispatcher::dispatch() - CORE\Cake\Routing\Dispatcher.php, line 160
[main] - APP\webroot\index.php, line 108

2013-12-25 08:44:49 Debug: Notice (8): Trying to get property of non-object in [C:\wamp\www\peeko\app\webroot\admin\app\Controller\BlocksController.php, line 53]
Trace:
BlocksController::getsite() - APP\Controller\BlocksController.php, line 53
ReflectionMethod::invokeArgs() - [internal], line ??
Controller::invokeAction() - CORE\Cake\Controller\Controller.php, line 490
Dispatcher::_invoke() - CORE\Cake\Routing\Dispatcher.php, line 185
Dispatcher::dispatch() - CORE\Cake\Routing\Dispatcher.php, line 160
[main] - APP\webroot\index.php, line 108

2013-12-25 08:44:55 Debug: Notice (8): Trying to get property of non-object in [C:\wamp\www\peeko\app\webroot\admin\app\Controller\BlocksController.php, line 53]
Trace:
BlocksController::getsite() - APP\Controller\BlocksController.php, line 53
ReflectionMethod::invokeArgs() - [internal], line ??
Controller::invokeAction() - CORE\Cake\Controller\Controller.php, line 490
Dispatcher::_invoke() - CORE\Cake\Routing\Dispatcher.php, line 185
Dispatcher::dispatch() - CORE\Cake\Routing\Dispatcher.php, line 160
[main] - APP\webroot\index.php, line 108

2013-12-25 08:45:26 Debug: Notice (8): Trying to get property of non-object in [C:\wamp\www\peeko\app\webroot\admin\app\Controller\BlocksController.php, line 53]
Trace:
BlocksController::getsite() - APP\Controller\BlocksController.php, line 53
ReflectionMethod::invokeArgs() - [internal], line ??
Controller::invokeAction() - CORE\Cake\Controller\Controller.php, line 490
Dispatcher::_invoke() - CORE\Cake\Routing\Dispatcher.php, line 185
Dispatcher::dispatch() - CORE\Cake\Routing\Dispatcher.php, line 160
[main] - APP\webroot\index.php, line 108

2013-12-25 08:47:41 Debug: Notice (8): Trying to get property of non-object in [C:\wamp\www\peeko\app\webroot\admin\app\Controller\BlocksController.php, line 53]
Trace:
BlocksController::getsite() - APP\Controller\BlocksController.php, line 53
ReflectionMethod::invokeArgs() - [internal], line ??
Controller::invokeAction() - CORE\Cake\Controller\Controller.php, line 490
Dispatcher::_invoke() - CORE\Cake\Routing\Dispatcher.php, line 185
Dispatcher::dispatch() - CORE\Cake\Routing\Dispatcher.php, line 160
[main] - APP\webroot\index.php, line 108

2013-12-25 08:48:57 Debug: Notice (8): Trying to get property of non-object in [C:\wamp\www\peeko\app\webroot\admin\app\Controller\BlocksController.php, line 53]
Trace:
BlocksController::getsite() - APP\Controller\BlocksController.php, line 53
ReflectionMethod::invokeArgs() - [internal], line ??
Controller::invokeAction() - CORE\Cake\Controller\Controller.php, line 490
Dispatcher::_invoke() - CORE\Cake\Routing\Dispatcher.php, line 185
Dispatcher::dispatch() - CORE\Cake\Routing\Dispatcher.php, line 160
[main] - APP\webroot\index.php, line 108

2013-12-25 08:50:06 Debug: Notice (8): Trying to get property of non-object in [C:\wamp\www\peeko\app\webroot\admin\app\Controller\BlocksController.php, line 53]
Trace:
BlocksController::getsite() - APP\Controller\BlocksController.php, line 53
ReflectionMethod::invokeArgs() - [internal], line ??
Controller::invokeAction() - CORE\Cake\Controller\Controller.php, line 490
Dispatcher::_invoke() - CORE\Cake\Routing\Dispatcher.php, line 185
Dispatcher::dispatch() - CORE\Cake\Routing\Dispatcher.php, line 160
[main] - APP\webroot\index.php, line 108

2013-12-25 08:50:31 Debug: Notice (8): Trying to get property of non-object in [C:\wamp\www\peeko\app\webroot\admin\app\Controller\BlocksController.php, line 53]
Trace:
BlocksController::getsite() - APP\Controller\BlocksController.php, line 53
ReflectionMethod::invokeArgs() - [internal], line ??
Controller::invokeAction() - CORE\Cake\Controller\Controller.php, line 490
Dispatcher::_invoke() - CORE\Cake\Routing\Dispatcher.php, line 185
Dispatcher::dispatch() - CORE\Cake\Routing\Dispatcher.php, line 160
[main] - APP\webroot\index.php, line 108

2013-12-25 08:50:52 Debug: Notice (8): Trying to get property of non-object in [C:\wamp\www\peeko\app\webroot\admin\app\Controller\BlocksController.php, line 53]
Trace:
BlocksController::getsite() - APP\Controller\BlocksController.php, line 53
ReflectionMethod::invokeArgs() - [internal], line ??
Controller::invokeAction() - CORE\Cake\Controller\Controller.php, line 490
Dispatcher::_invoke() - CORE\Cake\Routing\Dispatcher.php, line 185
Dispatcher::dispatch() - CORE\Cake\Routing\Dispatcher.php, line 160
[main] - APP\webroot\index.php, line 108

2013-12-25 08:51:11 Debug: Notice (8): Trying to get property of non-object in [C:\wamp\www\peeko\app\webroot\admin\app\Controller\BlocksController.php, line 53]
Trace:
BlocksController::getsite() - APP\Controller\BlocksController.php, line 53
ReflectionMethod::invokeArgs() - [internal], line ??
Controller::invokeAction() - CORE\Cake\Controller\Controller.php, line 490
Dispatcher::_invoke() - CORE\Cake\Routing\Dispatcher.php, line 185
Dispatcher::dispatch() - CORE\Cake\Routing\Dispatcher.php, line 160
[main] - APP\webroot\index.php, line 108

2013-12-25 08:51:17 Debug: Notice (8): Trying to get property of non-object in [C:\wamp\www\peeko\app\webroot\admin\app\Controller\BlocksController.php, line 53]
Trace:
BlocksController::getsite() - APP\Controller\BlocksController.php, line 53
ReflectionMethod::invokeArgs() - [internal], line ??
Controller::invokeAction() - CORE\Cake\Controller\Controller.php, line 490
Dispatcher::_invoke() - CORE\Cake\Routing\Dispatcher.php, line 185
Dispatcher::dispatch() - CORE\Cake\Routing\Dispatcher.php, line 160
[main] - APP\webroot\index.php, line 108

2013-12-25 08:51:24 Debug: Notice (8): Trying to get property of non-object in [C:\wamp\www\peeko\app\webroot\admin\app\Controller\BlocksController.php, line 53]
Trace:
BlocksController::getsite() - APP\Controller\BlocksController.php, line 53
ReflectionMethod::invokeArgs() - [internal], line ??
Controller::invokeAction() - CORE\Cake\Controller\Controller.php, line 490
Dispatcher::_invoke() - CORE\Cake\Routing\Dispatcher.php, line 185
Dispatcher::dispatch() - CORE\Cake\Routing\Dispatcher.php, line 160
[main] - APP\webroot\index.php, line 108

2013-12-25 08:51:27 Debug: Notice (8): Trying to get property of non-object in [C:\wamp\www\peeko\app\webroot\admin\app\Controller\BlocksController.php, line 53]
Trace:
BlocksController::getsite() - APP\Controller\BlocksController.php, line 53
ReflectionMethod::invokeArgs() - [internal], line ??
Controller::invokeAction() - CORE\Cake\Controller\Controller.php, line 490
Dispatcher::_invoke() - CORE\Cake\Routing\Dispatcher.php, line 185
Dispatcher::dispatch() - CORE\Cake\Routing\Dispatcher.php, line 160
[main] - APP\webroot\index.php, line 108

2013-12-25 08:51:37 Debug: Notice (8): Trying to get property of non-object in [C:\wamp\www\peeko\app\webroot\admin\app\Controller\BlocksController.php, line 53]
Trace:
BlocksController::getsite() - APP\Controller\BlocksController.php, line 53
ReflectionMethod::invokeArgs() - [internal], line ??
Controller::invokeAction() - CORE\Cake\Controller\Controller.php, line 490
Dispatcher::_invoke() - CORE\Cake\Routing\Dispatcher.php, line 185
Dispatcher::dispatch() - CORE\Cake\Routing\Dispatcher.php, line 160
[main] - APP\webroot\index.php, line 108

2013-12-25 08:52:00 Debug: Notice (8): Trying to get property of non-object in [C:\wamp\www\peeko\app\webroot\admin\app\Controller\BlocksController.php, line 53]
Trace:
BlocksController::getsite() - APP\Controller\BlocksController.php, line 53
ReflectionMethod::invokeArgs() - [internal], line ??
Controller::invokeAction() - CORE\Cake\Controller\Controller.php, line 490
Dispatcher::_invoke() - CORE\Cake\Routing\Dispatcher.php, line 185
Dispatcher::dispatch() - CORE\Cake\Routing\Dispatcher.php, line 160
[main] - APP\webroot\index.php, line 108

2013-12-25 08:52:52 Debug: Notice (8): Trying to get property of non-object in [C:\wamp\www\peeko\app\webroot\admin\app\Controller\BlocksController.php, line 53]
Trace:
BlocksController::getsite() - APP\Controller\BlocksController.php, line 53
ReflectionMethod::invokeArgs() - [internal], line ??
Controller::invokeAction() - CORE\Cake\Controller\Controller.php, line 490
Dispatcher::_invoke() - CORE\Cake\Routing\Dispatcher.php, line 185
Dispatcher::dispatch() - CORE\Cake\Routing\Dispatcher.php, line 160
[main] - APP\webroot\index.php, line 108

2013-12-25 08:54:46 Debug: Notice (8): Trying to get property of non-object in [C:\wamp\www\peeko\app\webroot\admin\app\Controller\BlocksController.php, line 55]
Trace:
BlocksController::getsite() - APP\Controller\BlocksController.php, line 55
ReflectionMethod::invokeArgs() - [internal], line ??
Controller::invokeAction() - CORE\Cake\Controller\Controller.php, line 490
Dispatcher::_invoke() - CORE\Cake\Routing\Dispatcher.php, line 185
Dispatcher::dispatch() - CORE\Cake\Routing\Dispatcher.php, line 160
[main] - APP\webroot\index.php, line 108

2013-12-25 08:55:17 Debug: Notice (8): Trying to get property of non-object in [C:\wamp\www\peeko\app\webroot\admin\app\Controller\BlocksController.php, line 56]
Trace:
BlocksController::getsite() - APP\Controller\BlocksController.php, line 56
ReflectionMethod::invokeArgs() - [internal], line ??
Controller::invokeAction() - CORE\Cake\Controller\Controller.php, line 490
Dispatcher::_invoke() - CORE\Cake\Routing\Dispatcher.php, line 185
Dispatcher::dispatch() - CORE\Cake\Routing\Dispatcher.php, line 160
[main] - APP\webroot\index.php, line 108

2013-12-25 08:55:34 Debug: Notice (8): Trying to get property of non-object in [C:\wamp\www\peeko\app\webroot\admin\app\Controller\BlocksController.php, line 56]
Trace:
BlocksController::getsite() - APP\Controller\BlocksController.php, line 56
ReflectionMethod::invokeArgs() - [internal], line ??
Controller::invokeAction() - CORE\Cake\Controller\Controller.php, line 490
Dispatcher::_invoke() - CORE\Cake\Routing\Dispatcher.php, line 185
Dispatcher::dispatch() - CORE\Cake\Routing\Dispatcher.php, line 160
[main] - APP\webroot\index.php, line 108

2013-12-25 08:55:46 Debug: Notice (8): Trying to get property of non-object in [C:\wamp\www\peeko\app\webroot\admin\app\Controller\BlocksController.php, line 56]
Trace:
BlocksController::getsite() - APP\Controller\BlocksController.php, line 56
ReflectionMethod::invokeArgs() - [internal], line ??
Controller::invokeAction() - CORE\Cake\Controller\Controller.php, line 490
Dispatcher::_invoke() - CORE\Cake\Routing\Dispatcher.php, line 185
Dispatcher::dispatch() - CORE\Cake\Routing\Dispatcher.php, line 160
[main] - APP\webroot\index.php, line 108

2013-12-25 08:55:56 Debug: Notice (8): Object of class CakeRequest to string conversion in [C:\wamp\www\peeko\app\webroot\admin\app\Controller\BlocksController.php, line 44]
Trace:
printf - [internal], line ??
BlocksController::getsite() - APP\Controller\BlocksController.php, line 44
ReflectionMethod::invokeArgs() - [internal], line ??
Controller::invokeAction() - CORE\Cake\Controller\Controller.php, line 490
Dispatcher::_invoke() - CORE\Cake\Routing\Dispatcher.php, line 185
Dispatcher::dispatch() - CORE\Cake\Routing\Dispatcher.php, line 160
[main] - APP\webroot\index.php, line 108

2013-12-25 08:55:56 Debug: Notice (8): Trying to get property of non-object in [C:\wamp\www\peeko\app\webroot\admin\app\Controller\BlocksController.php, line 56]
Trace:
BlocksController::getsite() - APP\Controller\BlocksController.php, line 56
ReflectionMethod::invokeArgs() - [internal], line ??
Controller::invokeAction() - CORE\Cake\Controller\Controller.php, line 490
Dispatcher::_invoke() - CORE\Cake\Routing\Dispatcher.php, line 185
Dispatcher::dispatch() - CORE\Cake\Routing\Dispatcher.php, line 160
[main] - APP\webroot\index.php, line 108

2013-12-25 08:56:14 Debug: Notice (8): Undefined index: url in [C:\wamp\www\peeko\app\webroot\admin\app\Controller\BlocksController.php, line 44]
Trace:
BlocksController::getsite() - APP\Controller\BlocksController.php, line 44
ReflectionMethod::invokeArgs() - [internal], line ??
Controller::invokeAction() - CORE\Cake\Controller\Controller.php, line 490
Dispatcher::_invoke() - CORE\Cake\Routing\Dispatcher.php, line 185
Dispatcher::dispatch() - CORE\Cake\Routing\Dispatcher.php, line 160
[main] - APP\webroot\index.php, line 108

2013-12-25 08:56:15 Debug: Notice (8): Trying to get property of non-object in [C:\wamp\www\peeko\app\webroot\admin\app\Controller\BlocksController.php, line 56]
Trace:
BlocksController::getsite() - APP\Controller\BlocksController.php, line 56
ReflectionMethod::invokeArgs() - [internal], line ??
Controller::invokeAction() - CORE\Cake\Controller\Controller.php, line 490
Dispatcher::_invoke() - CORE\Cake\Routing\Dispatcher.php, line 185
Dispatcher::dispatch() - CORE\Cake\Routing\Dispatcher.php, line 160
[main] - APP\webroot\index.php, line 108

2013-12-25 08:57:10 Debug: Notice (8): Trying to get property of non-object in [C:\wamp\www\peeko\app\webroot\admin\app\Controller\BlocksController.php, line 56]
Trace:
BlocksController::getsite() - APP\Controller\BlocksController.php, line 56
ReflectionMethod::invokeArgs() - [internal], line ??
Controller::invokeAction() - CORE\Cake\Controller\Controller.php, line 490
Dispatcher::_invoke() - CORE\Cake\Routing\Dispatcher.php, line 185
Dispatcher::dispatch() - CORE\Cake\Routing\Dispatcher.php, line 160
[main] - APP\webroot\index.php, line 108

2013-12-25 08:57:32 Debug: Notice (8): Trying to get property of non-object in [C:\wamp\www\peeko\app\webroot\admin\app\Controller\BlocksController.php, line 55]
Trace:
BlocksController::getsite() - APP\Controller\BlocksController.php, line 55
ReflectionMethod::invokeArgs() - [internal], line ??
Controller::invokeAction() - CORE\Cake\Controller\Controller.php, line 490
Dispatcher::_invoke() - CORE\Cake\Routing\Dispatcher.php, line 185
Dispatcher::dispatch() - CORE\Cake\Routing\Dispatcher.php, line 160
[main] - APP\webroot\index.php, line 108

2013-12-25 09:06:16 Debug: Notice (8): Trying to get property of non-object in [C:\wamp\www\peeko\app\webroot\admin\app\Controller\BlocksController.php, line 65]
Trace:
BlocksController::getsite() - APP\Controller\BlocksController.php, line 65
ReflectionMethod::invokeArgs() - [internal], line ??
Controller::invokeAction() - CORE\Cake\Controller\Controller.php, line 490
Dispatcher::_invoke() - CORE\Cake\Routing\Dispatcher.php, line 185
Dispatcher::dispatch() - CORE\Cake\Routing\Dispatcher.php, line 160
[main] - APP\webroot\index.php, line 108

2013-12-25 09:08:02 Debug: Notice (8): Trying to get property of non-object in [C:\wamp\www\peeko\app\webroot\admin\app\Controller\BlocksController.php, line 65]
Trace:
BlocksController::getsite() - APP\Controller\BlocksController.php, line 65
ReflectionMethod::invokeArgs() - [internal], line ??
Controller::invokeAction() - CORE\Cake\Controller\Controller.php, line 490
Dispatcher::_invoke() - CORE\Cake\Routing\Dispatcher.php, line 185
Dispatcher::dispatch() - CORE\Cake\Routing\Dispatcher.php, line 160
[main] - APP\webroot\index.php, line 108

2013-12-25 09:14:43 Debug: Notice (8): Trying to get property of non-object in [C:\wamp\www\peeko\app\webroot\admin\app\Controller\BlocksController.php, line 70]
Trace:
BlocksController::getsite() - APP\Controller\BlocksController.php, line 70
ReflectionMethod::invokeArgs() - [internal], line ??
Controller::invokeAction() - CORE\Cake\Controller\Controller.php, line 490
Dispatcher::_invoke() - CORE\Cake\Routing\Dispatcher.php, line 185
Dispatcher::dispatch() - CORE\Cake\Routing\Dispatcher.php, line 160
[main] - APP\webroot\index.php, line 108

2013-12-25 09:15:10 Debug: Notice (8): Trying to get property of non-object in [C:\wamp\www\peeko\app\webroot\admin\app\Controller\BlocksController.php, line 70]
Trace:
BlocksController::getsite() - APP\Controller\BlocksController.php, line 70
ReflectionMethod::invokeArgs() - [internal], line ??
Controller::invokeAction() - CORE\Cake\Controller\Controller.php, line 490
Dispatcher::_invoke() - CORE\Cake\Routing\Dispatcher.php, line 185
Dispatcher::dispatch() - CORE\Cake\Routing\Dispatcher.php, line 160
[main] - APP\webroot\index.php, line 108

2013-12-25 09:16:34 Debug: Notice (8): Trying to get property of non-object in [C:\wamp\www\peeko\app\webroot\admin\app\Controller\BlocksController.php, line 70]
Trace:
BlocksController::getsite() - APP\Controller\BlocksController.php, line 70
ReflectionMethod::invokeArgs() - [internal], line ??
Controller::invokeAction() - CORE\Cake\Controller\Controller.php, line 490
Dispatcher::_invoke() - CORE\Cake\Routing\Dispatcher.php, line 185
Dispatcher::dispatch() - CORE\Cake\Routing\Dispatcher.php, line 160
[main] - APP\webroot\index.php, line 108

2013-12-25 09:17:00 Debug: Notice (8): Trying to get property of non-object in [C:\wamp\www\peeko\app\webroot\admin\app\Controller\BlocksController.php, line 70]
Trace:
BlocksController::getsite() - APP\Controller\BlocksController.php, line 70
ReflectionMethod::invokeArgs() - [internal], line ??
Controller::invokeAction() - CORE\Cake\Controller\Controller.php, line 490
Dispatcher::_invoke() - CORE\Cake\Routing\Dispatcher.php, line 185
Dispatcher::dispatch() - CORE\Cake\Routing\Dispatcher.php, line 160
[main] - APP\webroot\index.php, line 108

2013-12-25 09:17:11 Debug: Notice (8): Trying to get property of non-object in [C:\wamp\www\peeko\app\webroot\admin\app\Controller\BlocksController.php, line 70]
Trace:
BlocksController::getsite() - APP\Controller\BlocksController.php, line 70
ReflectionMethod::invokeArgs() - [internal], line ??
Controller::invokeAction() - CORE\Cake\Controller\Controller.php, line 490
Dispatcher::_invoke() - CORE\Cake\Routing\Dispatcher.php, line 185
Dispatcher::dispatch() - CORE\Cake\Routing\Dispatcher.php, line 160
[main] - APP\webroot\index.php, line 108

2013-12-25 09:17:50 Debug: Notice (8): Trying to get property of non-object in [C:\wamp\www\peeko\app\webroot\admin\app\Controller\BlocksController.php, line 70]
Trace:
BlocksController::getsite() - APP\Controller\BlocksController.php, line 70
ReflectionMethod::invokeArgs() - [internal], line ??
Controller::invokeAction() - CORE\Cake\Controller\Controller.php, line 490
Dispatcher::_invoke() - CORE\Cake\Routing\Dispatcher.php, line 185
Dispatcher::dispatch() - CORE\Cake\Routing\Dispatcher.php, line 160
[main] - APP\webroot\index.php, line 108

2013-12-25 09:17:53 Debug: Notice (8): Trying to get property of non-object in [C:\wamp\www\peeko\app\webroot\admin\app\Controller\BlocksController.php, line 70]
Trace:
BlocksController::getsite() - APP\Controller\BlocksController.php, line 70
ReflectionMethod::invokeArgs() - [internal], line ??
Controller::invokeAction() - CORE\Cake\Controller\Controller.php, line 490
Dispatcher::_invoke() - CORE\Cake\Routing\Dispatcher.php, line 185
Dispatcher::dispatch() - CORE\Cake\Routing\Dispatcher.php, line 160
[main] - APP\webroot\index.php, line 108

2013-12-25 09:18:04 Debug: Notice (8): Trying to get property of non-object in [C:\wamp\www\peeko\app\webroot\admin\app\Controller\BlocksController.php, line 70]
Trace:
BlocksController::getsite() - APP\Controller\BlocksController.php, line 70
ReflectionMethod::invokeArgs() - [internal], line ??
Controller::invokeAction() - CORE\Cake\Controller\Controller.php, line 490
Dispatcher::_invoke() - CORE\Cake\Routing\Dispatcher.php, line 185
Dispatcher::dispatch() - CORE\Cake\Routing\Dispatcher.php, line 160
[main] - APP\webroot\index.php, line 108

2013-12-25 09:18:08 Debug: Notice (8): Trying to get property of non-object in [C:\wamp\www\peeko\app\webroot\admin\app\Controller\BlocksController.php, line 70]
Trace:
BlocksController::getsite() - APP\Controller\BlocksController.php, line 70
ReflectionMethod::invokeArgs() - [internal], line ??
Controller::invokeAction() - CORE\Cake\Controller\Controller.php, line 490
Dispatcher::_invoke() - CORE\Cake\Routing\Dispatcher.php, line 185
Dispatcher::dispatch() - CORE\Cake\Routing\Dispatcher.php, line 160
[main] - APP\webroot\index.php, line 108

2013-12-25 09:23:25 Debug: Notice (8): Trying to get property of non-object in [C:\wamp\www\peeko\app\webroot\admin\app\Controller\BlocksController.php, line 70]
Trace:
BlocksController::getsite() - APP\Controller\BlocksController.php, line 70
ReflectionMethod::invokeArgs() - [internal], line ??
Controller::invokeAction() - CORE\Cake\Controller\Controller.php, line 490
Dispatcher::_invoke() - CORE\Cake\Routing\Dispatcher.php, line 185
Dispatcher::dispatch() - CORE\Cake\Routing\Dispatcher.php, line 160
[main] - APP\webroot\index.php, line 108

2013-12-25 09:28:53 Debug: Notice (8): Trying to get property of non-object in [C:\wamp\www\peeko\app\webroot\admin\app\Controller\BlocksController.php, line 71]
Trace:
BlocksController::getsite() - APP\Controller\BlocksController.php, line 71
ReflectionMethod::invokeArgs() - [internal], line ??
Controller::invokeAction() - CORE\Cake\Controller\Controller.php, line 490
Dispatcher::_invoke() - CORE\Cake\Routing\Dispatcher.php, line 185
Dispatcher::dispatch() - CORE\Cake\Routing\Dispatcher.php, line 160
[main] - APP\webroot\index.php, line 108

