2013-12-13 15:56:39 Error: Fatal Error (1): Class 'HttpSocket' not found in [C:\wamp\www\peeko\admin\app\Controller\AppController.php, line 37]
2013-12-13 15:56:39 Error: [FatalErrorException] Class 'HttpSocket' not found
Request URL: /peeko/admin/
Stack Trace:
#0 C:\wamp\www\peeko\admin\lib\Cake\Error\ErrorHandler.php(203): ErrorHandler::handleFatalError(1, 'Class 'HttpSock...', 'C:\wamp\www\pee...', 37)
#1 [internal function]: ErrorHandler::handleError(1, 'Class 'HttpSock...', 'C:\wamp\www\pee...', 37, Array)
#2 C:\wamp\www\peeko\admin\lib\Cake\Core\App.php(929): call_user_func('ErrorHandler::h...', 1, 'Class 'HttpSock...', 'C:\wamp\www\pee...', 37, Array)
#3 C:\wamp\www\peeko\admin\lib\Cake\Core\App.php(902): App::_checkFatalError()
#4 [internal function]: App::shutdown()
#5 {main}
2013-12-13 15:56:45 Error: Fatal Error (1): Class 'HttpSocket' not found in [C:\wamp\www\peeko\admin\app\Controller\AppController.php, line 37]
2013-12-13 15:56:45 Error: [FatalErrorException] Class 'HttpSocket' not found
Request URL: /peeko/admin/
Stack Trace:
#0 C:\wamp\www\peeko\admin\lib\Cake\Error\ErrorHandler.php(203): ErrorHandler::handleFatalError(1, 'Class 'HttpSock...', 'C:\wamp\www\pee...', 37)
#1 [internal function]: ErrorHandler::handleError(1, 'Class 'HttpSock...', 'C:\wamp\www\pee...', 37, Array)
#2 C:\wamp\www\peeko\admin\lib\Cake\Core\App.php(929): call_user_func('ErrorHandler::h...', 1, 'Class 'HttpSock...', 'C:\wamp\www\pee...', 37, Array)
#3 C:\wamp\www\peeko\admin\lib\Cake\Core\App.php(902): App::_checkFatalError()
#4 [internal function]: App::shutdown()
#5 {main}
2013-12-13 15:56:46 Error: Fatal Error (1): Class 'HttpSocket' not found in [C:\wamp\www\peeko\admin\app\Controller\AppController.php, line 37]
2013-12-13 15:56:46 Error: [FatalErrorException] Class 'HttpSocket' not found
Request URL: /peeko/admin/
Stack Trace:
#0 C:\wamp\www\peeko\admin\lib\Cake\Error\ErrorHandler.php(203): ErrorHandler::handleFatalError(1, 'Class 'HttpSock...', 'C:\wamp\www\pee...', 37)
#1 [internal function]: ErrorHandler::handleError(1, 'Class 'HttpSock...', 'C:\wamp\www\pee...', 37, Array)
#2 C:\wamp\www\peeko\admin\lib\Cake\Core\App.php(929): call_user_func('ErrorHandler::h...', 1, 'Class 'HttpSock...', 'C:\wamp\www\pee...', 37, Array)
#3 C:\wamp\www\peeko\admin\lib\Cake\Core\App.php(902): App::_checkFatalError()
#4 [internal function]: App::shutdown()
#5 {main}
2013-12-13 15:56:51 Error: Fatal Error (1): Class 'HttpSocket' not found in [C:\wamp\www\peeko\admin\app\Controller\AppController.php, line 37]
2013-12-13 15:56:51 Error: [FatalErrorException] Class 'HttpSocket' not found
Request URL: /peeko/admin/
Stack Trace:
#0 C:\wamp\www\peeko\admin\lib\Cake\Error\ErrorHandler.php(203): ErrorHandler::handleFatalError(1, 'Class 'HttpSock...', 'C:\wamp\www\pee...', 37)
#1 [internal function]: ErrorHandler::handleError(1, 'Class 'HttpSock...', 'C:\wamp\www\pee...', 37, Array)
#2 C:\wamp\www\peeko\admin\lib\Cake\Core\App.php(929): call_user_func('ErrorHandler::h...', 1, 'Class 'HttpSock...', 'C:\wamp\www\pee...', 37, Array)
#3 C:\wamp\www\peeko\admin\lib\Cake\Core\App.php(902): App::_checkFatalError()
#4 [internal function]: App::shutdown()
#5 {main}
2013-12-13 16:01:28 Error: Fatal Error (1): Class 'HttpSocket' not found in [C:\wamp\www\peeko\admin\app\Controller\AppController.php, line 41]
2013-12-13 16:01:28 Error: [FatalErrorException] Class 'HttpSocket' not found
Request URL: /peeko/admin/
Stack Trace:
#0 C:\wamp\www\peeko\admin\lib\Cake\Error\ErrorHandler.php(203): ErrorHandler::handleFatalError(1, 'Class 'HttpSock...', 'C:\wamp\www\pee...', 41)
#1 [internal function]: ErrorHandler::handleError(1, 'Class 'HttpSock...', 'C:\wamp\www\pee...', 41, Array)
#2 C:\wamp\www\peeko\admin\lib\Cake\Core\App.php(929): call_user_func('ErrorHandler::h...', 1, 'Class 'HttpSock...', 'C:\wamp\www\pee...', 41, Array)
#3 C:\wamp\www\peeko\admin\lib\Cake\Core\App.php(902): App::_checkFatalError()
#4 [internal function]: App::shutdown()
#5 {main}
2013-12-13 16:01:29 Error: Fatal Error (1): Class 'HttpSocket' not found in [C:\wamp\www\peeko\admin\app\Controller\AppController.php, line 41]
2013-12-13 16:01:29 Error: [FatalErrorException] Class 'HttpSocket' not found
Request URL: /peeko/admin/
Stack Trace:
#0 C:\wamp\www\peeko\admin\lib\Cake\Error\ErrorHandler.php(203): ErrorHandler::handleFatalError(1, 'Class 'HttpSock...', 'C:\wamp\www\pee...', 41)
#1 [internal function]: ErrorHandler::handleError(1, 'Class 'HttpSock...', 'C:\wamp\www\pee...', 41, Array)
#2 C:\wamp\www\peeko\admin\lib\Cake\Core\App.php(929): call_user_func('ErrorHandler::h...', 1, 'Class 'HttpSock...', 'C:\wamp\www\pee...', 41, Array)
#3 C:\wamp\www\peeko\admin\lib\Cake\Core\App.php(902): App::_checkFatalError()
#4 [internal function]: App::shutdown()
#5 {main}
2013-12-13 16:02:35 Error: Fatal Error (1): Class 'HttpSocket' not found in [C:\wamp\www\peeko\admin\app\Controller\AppController.php, line 41]
2013-12-13 16:02:35 Error: [FatalErrorException] Class 'HttpSocket' not found
Request URL: /admin/
Stack Trace:
#0 C:\wamp\www\peeko\admin\lib\Cake\Error\ErrorHandler.php(203): ErrorHandler::handleFatalError(1, 'Class 'HttpSock...', 'C:\wamp\www\pee...', 41)
#1 [internal function]: ErrorHandler::handleError(1, 'Class 'HttpSock...', 'C:\wamp\www\pee...', 41, Array)
#2 C:\wamp\www\peeko\admin\lib\Cake\Core\App.php(929): call_user_func('ErrorHandler::h...', 1, 'Class 'HttpSock...', 'C:\wamp\www\pee...', 41, Array)
#3 C:\wamp\www\peeko\admin\lib\Cake\Core\App.php(902): App::_checkFatalError()
#4 [internal function]: App::shutdown()
#5 {main}
2013-12-13 16:02:49 Error: Fatal Error (1): Class 'HttpSocket' not found in [C:\wamp\www\peeko\admin\app\Controller\AppController.php, line 40]
2013-12-13 16:02:49 Error: [FatalErrorException] Class 'HttpSocket' not found
Request URL: /admin/
Stack Trace:
#0 C:\wamp\www\peeko\admin\lib\Cake\Error\ErrorHandler.php(203): ErrorHandler::handleFatalError(1, 'Class 'HttpSock...', 'C:\wamp\www\pee...', 40)
#1 [internal function]: ErrorHandler::handleError(1, 'Class 'HttpSock...', 'C:\wamp\www\pee...', 40, Array)
#2 C:\wamp\www\peeko\admin\lib\Cake\Core\App.php(929): call_user_func('ErrorHandler::h...', 1, 'Class 'HttpSock...', 'C:\wamp\www\pee...', 40, Array)
#3 C:\wamp\www\peeko\admin\lib\Cake\Core\App.php(902): App::_checkFatalError()
#4 [internal function]: App::shutdown()
#5 {main}
2013-12-13 16:02:50 Error: Fatal Error (1): Class 'HttpSocket' not found in [C:\wamp\www\peeko\admin\app\Controller\AppController.php, line 40]
2013-12-13 16:02:50 Error: [FatalErrorException] Class 'HttpSocket' not found
Request URL: /admin/
Stack Trace:
#0 C:\wamp\www\peeko\admin\lib\Cake\Error\ErrorHandler.php(203): ErrorHandler::handleFatalError(1, 'Class 'HttpSock...', 'C:\wamp\www\pee...', 40)
#1 [internal function]: ErrorHandler::handleError(1, 'Class 'HttpSock...', 'C:\wamp\www\pee...', 40, Array)
#2 C:\wamp\www\peeko\admin\lib\Cake\Core\App.php(929): call_user_func('ErrorHandler::h...', 1, 'Class 'HttpSock...', 'C:\wamp\www\pee...', 40, Array)
#3 C:\wamp\www\peeko\admin\lib\Cake\Core\App.php(902): App::_checkFatalError()
#4 [internal function]: App::shutdown()
#5 {main}
2013-12-13 16:03:07 Error: [SocketException] Unable to find the socket transport "ssl" - did you forget to enable it when you configured PHP?
Request URL: /admin/
Stack Trace:
#0 C:\wamp\www\peeko\admin\lib\Cake\Network\CakeSocket.php(272): CakeSocket->connect()
#1 C:\wamp\www\peeko\admin\lib\Cake\Network\Http\HttpSocket.php(371): CakeSocket->write('GET /maps/api/p...')
#2 C:\wamp\www\peeko\admin\lib\Cake\Network\Http\HttpSocket.php(459): HttpSocket->request(Array)
#3 C:\wamp\www\peeko\admin\app\Controller\AppController.php(43): HttpSocket->get('https://maps.go...')
#4 [internal function]: AppController->beforeFilter(Object(CakeEvent))
#5 C:\wamp\www\peeko\admin\lib\Cake\Event\CakeEventManager.php(247): call_user_func(Array, Object(CakeEvent))
#6 C:\wamp\www\peeko\admin\lib\Cake\Controller\Controller.php(674): CakeEventManager->dispatch(Object(CakeEvent))
#7 C:\wamp\www\peeko\admin\lib\Cake\Routing\Dispatcher.php(182): Controller->startupProcess()
#8 C:\wamp\www\peeko\admin\lib\Cake\Routing\Dispatcher.php(160): Dispatcher->_invoke(Object(PagesController), Object(CakeRequest), Object(CakeResponse))
#9 C:\wamp\www\peeko\admin\app\webroot\index.php(108): Dispatcher->dispatch(Object(CakeRequest), Object(CakeResponse))
#10 {main}
2013-12-13 16:09:29 Error: Fatal Error (1): Cannot use object of type stdClass as array in [C:\wamp\www\peeko\admin\app\Controller\AppController.php, line 46]
2013-12-13 16:09:29 Error: [FatalErrorException] Cannot use object of type stdClass as array
Request URL: /admin/brands/view/528e3abe6e13ee9c2900688b
Stack Trace:
#0 C:\wamp\www\peeko\admin\lib\Cake\Error\ErrorHandler.php(203): ErrorHandler::handleFatalError(1, 'Cannot use obje...', 'C:\wamp\www\pee...', 46)
#1 [internal function]: ErrorHandler::handleError(1, 'Cannot use obje...', 'C:\wamp\www\pee...', 46, Array)
#2 C:\wamp\www\peeko\admin\lib\Cake\Core\App.php(929): call_user_func('ErrorHandler::h...', 1, 'Cannot use obje...', 'C:\wamp\www\pee...', 46, Array)
#3 C:\wamp\www\peeko\admin\lib\Cake\Core\App.php(902): App::_checkFatalError()
#4 [internal function]: App::shutdown()
#5 {main}
2013-12-13 16:20:11 Error: Fatal Error (1): Cannot use object of type stdClass as array in [C:\wamp\www\peeko\admin\app\Model\Location.php, line 16]
2013-12-13 16:20:11 Error: [FatalErrorException] Cannot use object of type stdClass as array
Request URL: /admin/brands/view/528e3abe6e13ee9c2900688b
Stack Trace:
#0 C:\wamp\www\peeko\admin\lib\Cake\Error\ErrorHandler.php(203): ErrorHandler::handleFatalError(1, 'Cannot use obje...', 'C:\wamp\www\pee...', 16)
#1 [internal function]: ErrorHandler::handleError(1, 'Cannot use obje...', 'C:\wamp\www\pee...', 16, Array)
#2 C:\wamp\www\peeko\admin\lib\Cake\Core\App.php(929): call_user_func('ErrorHandler::h...', 1, 'Cannot use obje...', 'C:\wamp\www\pee...', 16, Array)
#3 C:\wamp\www\peeko\admin\lib\Cake\Core\App.php(902): App::_checkFatalError()
#4 [internal function]: App::shutdown()
#5 {main}
2013-12-13 16:29:40 Error: Fatal Error (1): Maximum function nesting level of '100' reached, aborting! in [C:\wamp\www\peeko\admin\lib\Cake\Model\ModelBehavior.php, line 132]
2013-12-13 16:29:40 Error: [FatalErrorException] Maximum function nesting level of '100' reached, aborting!
Request URL: /admin/brands/view/528e3abe6e13ee9c2900688b
Stack Trace:
#0 C:\wamp\www\peeko\admin\lib\Cake\Error\ErrorHandler.php(203): ErrorHandler::handleFatalError(1, 'Maximum functio...', 'C:\wamp\www\pee...', 132)
#1 [internal function]: ErrorHandler::handleError(1, 'Maximum functio...', 'C:\wamp\www\pee...', 132, Array)
#2 C:\wamp\www\peeko\admin\lib\Cake\Core\App.php(929): call_user_func('ErrorHandler::h...', 1, 'Maximum functio...', 'C:\wamp\www\pee...', 132, Array)
#3 C:\wamp\www\peeko\admin\lib\Cake\Core\App.php(902): App::_checkFatalError()
#4 [internal function]: App::shutdown()
#5 {main}
2013-12-13 16:31:59 Error: Fatal Error (1): Maximum function nesting level of '100' reached, aborting! in [C:\wamp\www\peeko\admin\lib\Cake\Model\ModelBehavior.php, line 132]
2013-12-13 16:31:59 Error: [FatalErrorException] Maximum function nesting level of '100' reached, aborting!
Request URL: /admin/
Stack Trace:
#0 C:\wamp\www\peeko\admin\lib\Cake\Error\ErrorHandler.php(203): ErrorHandler::handleFatalError(1, 'Maximum functio...', 'C:\wamp\www\pee...', 132)
#1 [internal function]: ErrorHandler::handleError(1, 'Maximum functio...', 'C:\wamp\www\pee...', 132, Array)
#2 C:\wamp\www\peeko\admin\lib\Cake\Core\App.php(929): call_user_func('ErrorHandler::h...', 1, 'Maximum functio...', 'C:\wamp\www\pee...', 132, Array)
#3 C:\wamp\www\peeko\admin\lib\Cake\Core\App.php(902): App::_checkFatalError()
#4 [internal function]: App::shutdown()
#5 {main}
2013-12-13 16:35:10 Error: Fatal Error (1): Maximum function nesting level of '100' reached, aborting! in [C:\wamp\www\peeko\admin\lib\Cake\Utility\Inflector.php, line 462]
2013-12-13 16:35:10 Error: [FatalErrorException] Maximum function nesting level of '100' reached, aborting!
Request URL: /admin/
Stack Trace:
#0 C:\wamp\www\peeko\admin\lib\Cake\Error\ErrorHandler.php(203): ErrorHandler::handleFatalError(1, 'Maximum functio...', 'C:\wamp\www\pee...', 462)
#1 [internal function]: ErrorHandler::handleError(1, 'Maximum functio...', 'C:\wamp\www\pee...', 462, Array)
#2 C:\wamp\www\peeko\admin\lib\Cake\Core\App.php(929): call_user_func('ErrorHandler::h...', 1, 'Maximum functio...', 'C:\wamp\www\pee...', 462, Array)
#3 C:\wamp\www\peeko\admin\lib\Cake\Core\App.php(902): App::_checkFatalError()
#4 [internal function]: App::shutdown()
#5 {main}
2013-12-13 17:42:52 Error: Fatal Error (1): Cannot use object of type stdClass as array in [C:\wamp\www\peeko\admin\app\Model\Location.php, line 37]
2013-12-13 17:42:52 Error: [FatalErrorException] Cannot use object of type stdClass as array
Request URL: /admin/
Stack Trace:
#0 C:\wamp\www\peeko\admin\lib\Cake\Error\ErrorHandler.php(203): ErrorHandler::handleFatalError(1, 'Cannot use obje...', 'C:\wamp\www\pee...', 37)
#1 [internal function]: ErrorHandler::handleError(1, 'Cannot use obje...', 'C:\wamp\www\pee...', 37, Array)
#2 C:\wamp\www\peeko\admin\lib\Cake\Core\App.php(929): call_user_func('ErrorHandler::h...', 1, 'Cannot use obje...', 'C:\wamp\www\pee...', 37, Array)
#3 C:\wamp\www\peeko\admin\lib\Cake\Core\App.php(902): App::_checkFatalError()
#4 [internal function]: App::shutdown()
#5 {main}
2013-12-13 17:43:11 Error: Fatal Error (1): Cannot use object of type stdClass as array in [C:\wamp\www\peeko\admin\app\Model\Location.php, line 36]
2013-12-13 17:43:11 Error: [FatalErrorException] Cannot use object of type stdClass as array
Request URL: /admin/
Stack Trace:
#0 C:\wamp\www\peeko\admin\lib\Cake\Error\ErrorHandler.php(203): ErrorHandler::handleFatalError(1, 'Cannot use obje...', 'C:\wamp\www\pee...', 36)
#1 [internal function]: ErrorHandler::handleError(1, 'Cannot use obje...', 'C:\wamp\www\pee...', 36, Array)
#2 C:\wamp\www\peeko\admin\lib\Cake\Core\App.php(929): call_user_func('ErrorHandler::h...', 1, 'Cannot use obje...', 'C:\wamp\www\pee...', 36, Array)
#3 C:\wamp\www\peeko\admin\lib\Cake\Core\App.php(902): App::_checkFatalError()
#4 [internal function]: App::shutdown()
#5 {main}
2013-12-13 17:43:28 Error: Fatal Error (1): Cannot use object of type stdClass as array in [C:\wamp\www\peeko\admin\app\Model\Location.php, line 36]
2013-12-13 17:43:28 Error: [FatalErrorException] Cannot use object of type stdClass as array
Request URL: /admin/
Stack Trace:
#0 C:\wamp\www\peeko\admin\lib\Cake\Error\ErrorHandler.php(203): ErrorHandler::handleFatalError(1, 'Cannot use obje...', 'C:\wamp\www\pee...', 36)
#1 [internal function]: ErrorHandler::handleError(1, 'Cannot use obje...', 'C:\wamp\www\pee...', 36, Array)
#2 C:\wamp\www\peeko\admin\lib\Cake\Core\App.php(929): call_user_func('ErrorHandler::h...', 1, 'Cannot use obje...', 'C:\wamp\www\pee...', 36, Array)
#3 C:\wamp\www\peeko\admin\lib\Cake\Core\App.php(902): App::_checkFatalError()
#4 [internal function]: App::shutdown()
#5 {main}
2013-12-13 17:43:35 Error: Fatal Error (1): Cannot use object of type stdClass as array in [C:\wamp\www\peeko\admin\app\Model\Location.php, line 36]
2013-12-13 17:43:35 Error: [FatalErrorException] Cannot use object of type stdClass as array
Request URL: /admin/
Stack Trace:
#0 C:\wamp\www\peeko\admin\lib\Cake\Error\ErrorHandler.php(203): ErrorHandler::handleFatalError(1, 'Cannot use obje...', 'C:\wamp\www\pee...', 36)
#1 [internal function]: ErrorHandler::handleError(1, 'Cannot use obje...', 'C:\wamp\www\pee...', 36, Array)
#2 C:\wamp\www\peeko\admin\lib\Cake\Core\App.php(929): call_user_func('ErrorHandler::h...', 1, 'Cannot use obje...', 'C:\wamp\www\pee...', 36, Array)
#3 C:\wamp\www\peeko\admin\lib\Cake\Core\App.php(902): App::_checkFatalError()
#4 [internal function]: App::shutdown()
#5 {main}
2013-12-13 18:00:31 Error: Fatal Error (4): syntax error, unexpected '*' in [C:\wamp\www\peeko\admin\app\Model\Location.php, line 20]
2013-12-13 18:00:31 Error: [FatalErrorException] syntax error, unexpected '*'
Request URL: /admin/
Stack Trace:
#0 C:\wamp\www\peeko\admin\lib\Cake\Error\ErrorHandler.php(203): ErrorHandler::handleFatalError(4, 'syntax error, u...', 'C:\wamp\www\pee...', 20)
#1 [internal function]: ErrorHandler::handleError(4, 'syntax error, u...', 'C:\wamp\www\pee...', 20, Array)
#2 C:\wamp\www\peeko\admin\lib\Cake\Core\App.php(929): call_user_func('ErrorHandler::h...', 4, 'syntax error, u...', 'C:\wamp\www\pee...', 20, Array)
#3 C:\wamp\www\peeko\admin\lib\Cake\Core\App.php(902): App::_checkFatalError()
#4 [internal function]: App::shutdown()
#5 {main}
2013-12-13 19:08:03 Error: Fatal Error (4): syntax error, unexpected '$k' (T_VARIABLE), expecting ';' in [C:\wamp\www\peeko\admin\app\Model\Location.php, line 25]
2013-12-13 19:08:03 Error: [FatalErrorException] syntax error, unexpected '$k' (T_VARIABLE), expecting ';'
Request URL: /admin/
Stack Trace:
#0 C:\wamp\www\peeko\admin\lib\Cake\Error\ErrorHandler.php(203): ErrorHandler::handleFatalError(4, 'syntax error, u...', 'C:\wamp\www\pee...', 25)
#1 [internal function]: ErrorHandler::handleError(4, 'syntax error, u...', 'C:\wamp\www\pee...', 25, Array)
#2 C:\wamp\www\peeko\admin\lib\Cake\Core\App.php(929): call_user_func('ErrorHandler::h...', 4, 'syntax error, u...', 'C:\wamp\www\pee...', 25, Array)
#3 C:\wamp\www\peeko\admin\lib\Cake\Core\App.php(902): App::_checkFatalError()
#4 [internal function]: App::shutdown()
#5 {main}
2013-12-25 08:30:13 Error: [MissingControllerException] Controller class AdminController could not be found.
Exception Attributes: array (
  'class' => 'AdminController',
  'plugin' => NULL,
)
Request URL: /app/webroot/admin/admin/
Stack Trace:
#0 C:\wamp\www\peeko\app\webroot\admin\app\webroot\index.php(108): Dispatcher->dispatch(Object(CakeRequest), Object(CakeResponse))
#1 {main}
2013-12-25 08:33:39 Error: [MissingControllerException] Controller class JsController could not be found.
Exception Attributes: array (
  'class' => 'JsController',
  'plugin' => NULL,
)
Request URL: /app/webroot/admin/js/ajaxscraper.js
Stack Trace:
#0 C:\wamp\www\peeko\app\webroot\admin\app\webroot\index.php(108): Dispatcher->dispatch(Object(CakeRequest), Object(CakeResponse))
#1 {main}
2013-12-25 08:33:45 Error: [MissingControllerException] Controller class JsController could not be found.
Exception Attributes: array (
  'class' => 'JsController',
  'plugin' => NULL,
)
Request URL: /app/webroot/admin/js/ajaxscraper.js
Stack Trace:
#0 C:\wamp\www\peeko\app\webroot\admin\app\webroot\index.php(108): Dispatcher->dispatch(Object(CakeRequest), Object(CakeResponse))
#1 {main}
2013-12-25 08:34:07 Error: [MissingControllerException] Controller class JsController could not be found.
Exception Attributes: array (
  'class' => 'JsController',
  'plugin' => NULL,
)
Request URL: /app/webroot/admin/js/ajaxscraper.js
Stack Trace:
#0 C:\wamp\www\peeko\app\webroot\admin\app\webroot\index.php(108): Dispatcher->dispatch(Object(CakeRequest), Object(CakeResponse))
#1 {main}
2013-12-25 08:34:29 Error: [MissingControllerException] Controller class JsController could not be found.
Exception Attributes: array (
  'class' => 'JsController',
  'plugin' => NULL,
)
Request URL: /app/webroot/admin/js/ajaxscraper.js
Stack Trace:
#0 C:\wamp\www\peeko\app\webroot\admin\app\webroot\index.php(108): Dispatcher->dispatch(Object(CakeRequest), Object(CakeResponse))
#1 {main}
2013-12-25 08:34:35 Error: [MissingControllerException] Controller class JsController could not be found.
Exception Attributes: array (
  'class' => 'JsController',
  'plugin' => NULL,
)
Request URL: /app/webroot/admin/js/ajaxscraper.js
Stack Trace:
#0 C:\wamp\www\peeko\app\webroot\admin\app\webroot\index.php(108): Dispatcher->dispatch(Object(CakeRequest), Object(CakeResponse))
#1 {main}
2013-12-25 08:34:39 Error: [MissingControllerException] Controller class JsController could not be found.
Exception Attributes: array (
  'class' => 'JsController',
  'plugin' => NULL,
)
Request URL: /app/webroot/admin/js/ajaxscraper.js
Stack Trace:
#0 C:\wamp\www\peeko\app\webroot\admin\app\webroot\index.php(108): Dispatcher->dispatch(Object(CakeRequest), Object(CakeResponse))
#1 {main}
2013-12-25 08:34:47 Error: [MissingControllerException] Controller class JsController could not be found.
Exception Attributes: array (
  'class' => 'JsController',
  'plugin' => NULL,
)
Request URL: /app/webroot/admin/js/ajaxscraper.js
Stack Trace:
#0 C:\wamp\www\peeko\app\webroot\admin\app\webroot\index.php(108): Dispatcher->dispatch(Object(CakeRequest), Object(CakeResponse))
#1 {main}
2013-12-25 08:34:56 Error: [MissingControllerException] Controller class JsController could not be found.
Exception Attributes: array (
  'class' => 'JsController',
  'plugin' => NULL,
)
Request URL: /app/webroot/admin/js/ajaxscraper.js
Stack Trace:
#0 C:\wamp\www\peeko\app\webroot\admin\app\webroot\index.php(108): Dispatcher->dispatch(Object(CakeRequest), Object(CakeResponse))
#1 {main}
2013-12-25 08:35:02 Error: [MissingControllerException] Controller class JsController could not be found.
Exception Attributes: array (
  'class' => 'JsController',
  'plugin' => NULL,
)
Request URL: /app/webroot/admin/js/ajaxscraper.js
Stack Trace:
#0 C:\wamp\www\peeko\app\webroot\admin\app\webroot\index.php(108): Dispatcher->dispatch(Object(CakeRequest), Object(CakeResponse))
#1 {main}
2013-12-25 08:43:13 Error: [MissingActionException] Action BlocksController::index() could not be found.
Exception Attributes: array (
  'controller' => 'BlocksController',
  'action' => 'index',
)
Request URL: /app/webroot/admin/blocks/
Stack Trace:
#0 C:\wamp\www\peeko\app\webroot\admin\lib\Cake\Routing\Dispatcher.php(185): Controller->invokeAction(Object(CakeRequest))
#1 C:\wamp\www\peeko\app\webroot\admin\lib\Cake\Routing\Dispatcher.php(160): Dispatcher->_invoke(Object(BlocksController), Object(CakeRequest), Object(CakeResponse))
#2 C:\wamp\www\peeko\app\webroot\admin\app\webroot\index.php(108): Dispatcher->dispatch(Object(CakeRequest), Object(CakeResponse))
#3 {main}
2013-12-25 08:54:26 Error: [NotFoundException] Not Found
Request URL: /app/webroot/admin/blocks/getsite
Stack Trace:
#0 [internal function]: BlocksController->getsite()
#1 C:\wamp\www\peeko\app\webroot\admin\lib\Cake\Controller\Controller.php(490): ReflectionMethod->invokeArgs(Object(BlocksController), Array)
#2 C:\wamp\www\peeko\app\webroot\admin\lib\Cake\Routing\Dispatcher.php(185): Controller->invokeAction(Object(CakeRequest))
#3 C:\wamp\www\peeko\app\webroot\admin\lib\Cake\Routing\Dispatcher.php(160): Dispatcher->_invoke(Object(BlocksController), Object(CakeRequest), Object(CakeResponse))
#4 C:\wamp\www\peeko\app\webroot\admin\app\webroot\index.php(108): Dispatcher->dispatch(Object(CakeRequest), Object(CakeResponse))
#5 {main}
2013-12-25 08:55:45 Warning: Warning (4096): Object of class CakeRequest could not be converted to string in [C:\wamp\www\peeko\app\webroot\admin\app\Controller\BlocksController.php, line 44]
Trace:
BlocksController::getsite() - APP\Controller\BlocksController.php, line 44
ReflectionMethod::invokeArgs() - [internal], line ??
Controller::invokeAction() - CORE\Cake\Controller\Controller.php, line 490
Dispatcher::_invoke() - CORE\Cake\Routing\Dispatcher.php, line 185
Dispatcher::dispatch() - CORE\Cake\Routing\Dispatcher.php, line 160
[main] - APP\webroot\index.php, line 108

2013-12-25 08:55:56 Warning: Warning (4096): Object of class CakeRequest could not be converted to string in [C:\wamp\www\peeko\app\webroot\admin\app\Controller\BlocksController.php, line 44]
Trace:
printf - [internal], line ??
BlocksController::getsite() - APP\Controller\BlocksController.php, line 44
ReflectionMethod::invokeArgs() - [internal], line ??
Controller::invokeAction() - CORE\Cake\Controller\Controller.php, line 490
Dispatcher::_invoke() - CORE\Cake\Routing\Dispatcher.php, line 185
Dispatcher::dispatch() - CORE\Cake\Routing\Dispatcher.php, line 160
[main] - APP\webroot\index.php, line 108

2013-12-25 09:05:55 Error: Fatal Error (4): syntax error, unexpected ')' in [C:\wamp\www\peeko\app\webroot\admin\app\Controller\BlocksController.php, line 65]
2013-12-25 09:05:55 Error: [FatalErrorException] syntax error, unexpected ')'
Request URL: /app/webroot/admin/blocks/getsite
Stack Trace:
#0 C:\wamp\www\peeko\app\webroot\admin\lib\Cake\Error\ErrorHandler.php(203): ErrorHandler::handleFatalError(4, 'syntax error, u...', 'C:\wamp\www\pee...', 65)
#1 [internal function]: ErrorHandler::handleError(4, 'syntax error, u...', 'C:\wamp\www\pee...', 65, Array)
#2 C:\wamp\www\peeko\app\webroot\admin\lib\Cake\Core\App.php(929): call_user_func('ErrorHandler::h...', 4, 'syntax error, u...', 'C:\wamp\www\pee...', 65, Array)
#3 C:\wamp\www\peeko\app\webroot\admin\lib\Cake\Core\App.php(902): App::_checkFatalError()
#4 [internal function]: App::shutdown()
#5 {main}
2013-12-25 09:05:58 Error: Fatal Error (4): syntax error, unexpected ')' in [C:\wamp\www\peeko\app\webroot\admin\app\Controller\BlocksController.php, line 65]
2013-12-25 09:05:58 Error: [FatalErrorException] syntax error, unexpected ')'
Request URL: /app/webroot/admin/blocks/add/528e3a836e13ee9c29006794
Stack Trace:
#0 C:\wamp\www\peeko\app\webroot\admin\lib\Cake\Error\ErrorHandler.php(203): ErrorHandler::handleFatalError(4, 'syntax error, u...', 'C:\wamp\www\pee...', 65)
#1 [internal function]: ErrorHandler::handleError(4, 'syntax error, u...', 'C:\wamp\www\pee...', 65, Array)
#2 C:\wamp\www\peeko\app\webroot\admin\lib\Cake\Core\App.php(929): call_user_func('ErrorHandler::h...', 4, 'syntax error, u...', 'C:\wamp\www\pee...', 65, Array)
#3 C:\wamp\www\peeko\app\webroot\admin\lib\Cake\Core\App.php(902): App::_checkFatalError()
#4 [internal function]: App::shutdown()
#5 {main}
2013-12-25 09:05:59 Error: Fatal Error (4): syntax error, unexpected ')' in [C:\wamp\www\peeko\app\webroot\admin\app\Controller\BlocksController.php, line 65]
2013-12-25 09:05:59 Error: [FatalErrorException] syntax error, unexpected ')'
Request URL: /app/webroot/admin/blocks/add/528e3a836e13ee9c29006794
Stack Trace:
#0 C:\wamp\www\peeko\app\webroot\admin\lib\Cake\Error\ErrorHandler.php(203): ErrorHandler::handleFatalError(4, 'syntax error, u...', 'C:\wamp\www\pee...', 65)
#1 [internal function]: ErrorHandler::handleError(4, 'syntax error, u...', 'C:\wamp\www\pee...', 65, Array)
#2 C:\wamp\www\peeko\app\webroot\admin\lib\Cake\Core\App.php(929): call_user_func('ErrorHandler::h...', 4, 'syntax error, u...', 'C:\wamp\www\pee...', 65, Array)
#3 C:\wamp\www\peeko\app\webroot\admin\lib\Cake\Core\App.php(902): App::_checkFatalError()
#4 [internal function]: App::shutdown()
#5 {main}
2013-12-25 09:06:16 Warning: Warning (2): trim() expects parameter 1 to be string, array given in [C:\wamp\www\peeko\app\webroot\admin\app\Controller\BlocksController.php, line 65]
Trace:
trim - [internal], line ??
BlocksController::getsite() - APP\Controller\BlocksController.php, line 65
ReflectionMethod::invokeArgs() - [internal], line ??
Controller::invokeAction() - CORE\Cake\Controller\Controller.php, line 490
Dispatcher::_invoke() - CORE\Cake\Routing\Dispatcher.php, line 185
Dispatcher::dispatch() - CORE\Cake\Routing\Dispatcher.php, line 160
[main] - APP\webroot\index.php, line 108

2013-12-25 09:07:10 Error: Fatal Error (64): Only variables can be passed by reference in [C:\wamp\www\peeko\app\webroot\admin\app\Controller\BlocksController.php, line 68]
2013-12-25 09:07:10 Error: [FatalErrorException] Only variables can be passed by reference
Request URL: /app/webroot/admin/blocks/add/528e3a836e13ee9c29006794
Stack Trace:
#0 C:\wamp\www\peeko\app\webroot\admin\lib\Cake\Error\ErrorHandler.php(203): ErrorHandler::handleFatalError(64, 'Only variables ...', 'C:\wamp\www\pee...', 68)
#1 [internal function]: ErrorHandler::handleError(64, 'Only variables ...', 'C:\wamp\www\pee...', 68, Array)
#2 C:\wamp\www\peeko\app\webroot\admin\lib\Cake\Core\App.php(929): call_user_func('ErrorHandler::h...', 64, 'Only variables ...', 'C:\wamp\www\pee...', 68, Array)
#3 C:\wamp\www\peeko\app\webroot\admin\lib\Cake\Core\App.php(902): App::_checkFatalError()
#4 [internal function]: App::shutdown()
#5 {main}
2013-12-25 09:08:02 Warning: Warning (2): trim() expects parameter 1 to be string, array given in [C:\wamp\www\peeko\app\webroot\admin\app\Controller\BlocksController.php, line 65]
Trace:
trim - [internal], line ??
BlocksController::getsite() - APP\Controller\BlocksController.php, line 65
ReflectionMethod::invokeArgs() - [internal], line ??
Controller::invokeAction() - CORE\Cake\Controller\Controller.php, line 490
Dispatcher::_invoke() - CORE\Cake\Routing\Dispatcher.php, line 185
Dispatcher::dispatch() - CORE\Cake\Routing\Dispatcher.php, line 160
[main] - APP\webroot\index.php, line 108

2013-12-25 17:05:22 Error: Fatal Error (1): Maximum execution time of 30 seconds exceeded in [C:\wamp\www\peeko\app\webroot\admin\lib\Cake\Error\ErrorHandler.php, line 196]
2013-12-25 17:05:22 Error: [InternalErrorException] Internal Server Error
Request URL: /app/webroot/admin/blocks/getsite
Stack Trace:
#0 C:\wamp\www\peeko\app\webroot\admin\lib\Cake\Error\ErrorHandler.php(203): ErrorHandler::handleFatalError(1, 'Maximum executi...', 'C:\wamp\www\pee...', 196)
#1 [internal function]: ErrorHandler::handleError(1, 'Maximum executi...', 'C:\wamp\www\pee...', 196, Array)
#2 C:\wamp\www\peeko\app\webroot\admin\lib\Cake\Core\App.php(929): call_user_func('ErrorHandler::h...', 1, 'Maximum executi...', 'C:\wamp\www\pee...', 196, Array)
#3 C:\wamp\www\peeko\app\webroot\admin\lib\Cake\Core\App.php(902): App::_checkFatalError()
#4 [internal function]: App::shutdown()
#5 {main}
2013-12-25 17:23:09 Error: Fatal Error (1): Call to a member function find() on a non-object in [C:\wamp\www\peeko\app\webroot\admin\app\Controller\BlocksController.php, line 78]
2013-12-25 17:23:09 Error: [FatalErrorException] Call to a member function find() on a non-object
Request URL: /app/webroot/admin/blocks/getsite
Stack Trace:
#0 C:\wamp\www\peeko\app\webroot\admin\lib\Cake\Error\ErrorHandler.php(203): ErrorHandler::handleFatalError(1, 'Call to a membe...', 'C:\wamp\www\pee...', 78)
#1 [internal function]: ErrorHandler::handleError(1, 'Call to a membe...', 'C:\wamp\www\pee...', 78, Array)
#2 C:\wamp\www\peeko\app\webroot\admin\lib\Cake\Core\App.php(929): call_user_func('ErrorHandler::h...', 1, 'Call to a membe...', 'C:\wamp\www\pee...', 78, Array)
#3 C:\wamp\www\peeko\app\webroot\admin\lib\Cake\Core\App.php(902): App::_checkFatalError()
#4 [internal function]: App::shutdown()
#5 {main}
2013-12-25 17:23:11 Error: Fatal Error (1): Maximum execution time of 30 seconds exceeded in [C:\wamp\www\peeko\app\webroot\admin\lib\Cake\Error\ErrorHandler.php, line 196]
2013-12-25 17:23:11 Error: [InternalErrorException] Internal Server Error
Request URL: /app/webroot/admin/blocks/getsite
Stack Trace:
#0 C:\wamp\www\peeko\app\webroot\admin\lib\Cake\Error\ErrorHandler.php(203): ErrorHandler::handleFatalError(1, 'Maximum executi...', 'C:\wamp\www\pee...', 196)
#1 [internal function]: ErrorHandler::handleError(1, 'Maximum executi...', 'C:\wamp\www\pee...', 196, Array)
#2 C:\wamp\www\peeko\app\webroot\admin\lib\Cake\Core\App.php(929): call_user_func('ErrorHandler::h...', 1, 'Maximum executi...', 'C:\wamp\www\pee...', 196, Array)
#3 C:\wamp\www\peeko\app\webroot\admin\lib\Cake\Core\App.php(902): App::_checkFatalError()
#4 [internal function]: App::shutdown()
#5 {main}
2013-12-25 17:23:58 Error: Fatal Error (1): Call to a member function find() on a non-object in [C:\wamp\www\peeko\app\webroot\admin\app\Controller\BlocksController.php, line 78]
2013-12-25 17:23:58 Error: [FatalErrorException] Call to a member function find() on a non-object
Request URL: /app/webroot/admin/blocks/getsite
Stack Trace:
#0 C:\wamp\www\peeko\app\webroot\admin\lib\Cake\Error\ErrorHandler.php(203): ErrorHandler::handleFatalError(1, 'Call to a membe...', 'C:\wamp\www\pee...', 78)
#1 [internal function]: ErrorHandler::handleError(1, 'Call to a membe...', 'C:\wamp\www\pee...', 78, Array)
#2 C:\wamp\www\peeko\app\webroot\admin\lib\Cake\Core\App.php(929): call_user_func('ErrorHandler::h...', 1, 'Call to a membe...', 'C:\wamp\www\pee...', 78, Array)
#3 C:\wamp\www\peeko\app\webroot\admin\lib\Cake\Core\App.php(902): App::_checkFatalError()
#4 [internal function]: App::shutdown()
#5 {main}
2013-12-25 17:24:26 Error: Fatal Error (1): Call to a member function find() on a non-object in [C:\wamp\www\peeko\app\webroot\admin\app\Controller\BlocksController.php, line 79]
2013-12-25 17:24:26 Error: [FatalErrorException] Call to a member function find() on a non-object
Request URL: /app/webroot/admin/blocks/getsite
Stack Trace:
#0 C:\wamp\www\peeko\app\webroot\admin\lib\Cake\Error\ErrorHandler.php(203): ErrorHandler::handleFatalError(1, 'Call to a membe...', 'C:\wamp\www\pee...', 79)
#1 [internal function]: ErrorHandler::handleError(1, 'Call to a membe...', 'C:\wamp\www\pee...', 79, Array)
#2 C:\wamp\www\peeko\app\webroot\admin\lib\Cake\Core\App.php(929): call_user_func('ErrorHandler::h...', 1, 'Call to a membe...', 'C:\wamp\www\pee...', 79, Array)
#3 C:\wamp\www\peeko\app\webroot\admin\lib\Cake\Core\App.php(902): App::_checkFatalError()
#4 [internal function]: App::shutdown()
#5 {main}
2013-12-25 17:24:31 Error: Fatal Error (1): Maximum execution time of 30 seconds exceeded in [C:\wamp\www\peeko\app\webroot\admin\lib\Cake\Error\ErrorHandler.php, line 196]
2013-12-25 17:24:31 Error: [InternalErrorException] Internal Server Error
Request URL: /app/webroot/admin/blocks/getsite
Stack Trace:
#0 C:\wamp\www\peeko\app\webroot\admin\lib\Cake\Error\ErrorHandler.php(203): ErrorHandler::handleFatalError(1, 'Maximum executi...', 'C:\wamp\www\pee...', 196)
#1 [internal function]: ErrorHandler::handleError(1, 'Maximum executi...', 'C:\wamp\www\pee...', 196, Array)
#2 C:\wamp\www\peeko\app\webroot\admin\lib\Cake\Core\App.php(929): call_user_func('ErrorHandler::h...', 1, 'Maximum executi...', 'C:\wamp\www\pee...', 196, Array)
#3 C:\wamp\www\peeko\app\webroot\admin\lib\Cake\Core\App.php(902): App::_checkFatalError()
#4 [internal function]: App::shutdown()
#5 {main}
2013-12-25 17:28:14 Error: Fatal Error (1): Call to undefined function curl_init() in [C:\wamp\www\peeko\app\webroot\admin\app\Controller\BlocksController.php, line 51]
2013-12-25 17:28:14 Error: [FatalErrorException] Call to undefined function curl_init()
Request URL: /app/webroot/admin/blocks/getsite
Stack Trace:
#0 C:\wamp\www\peeko\app\webroot\admin\lib\Cake\Error\ErrorHandler.php(203): ErrorHandler::handleFatalError(1, 'Call to undefin...', 'C:\wamp\www\pee...', 51)
#1 [internal function]: ErrorHandler::handleError(1, 'Call to undefin...', 'C:\wamp\www\pee...', 51, Array)
#2 C:\wamp\www\peeko\app\webroot\admin\lib\Cake\Core\App.php(929): call_user_func('ErrorHandler::h...', 1, 'Call to undefin...', 'C:\wamp\www\pee...', 51, Array)
#3 C:\wamp\www\peeko\app\webroot\admin\lib\Cake\Core\App.php(902): App::_checkFatalError()
#4 [internal function]: App::shutdown()
#5 {main}
2013-12-25 17:31:56 Error: Fatal Error (1): Maximum execution time of 30 seconds exceeded in [C:\wamp\www\peeko\app\webroot\admin\app\Controller\BlocksController.php, line 55]
2013-12-25 17:31:56 Error: [FatalErrorException] Maximum execution time of 30 seconds exceeded
Request URL: /app/webroot/admin/blocks/getsite
Stack Trace:
#0 C:\wamp\www\peeko\app\webroot\admin\lib\Cake\Error\ErrorHandler.php(203): ErrorHandler::handleFatalError(1, 'Maximum executi...', 'C:\wamp\www\pee...', 55)
#1 [internal function]: ErrorHandler::handleError(1, 'Maximum executi...', 'C:\wamp\www\pee...', 55, Array)
#2 C:\wamp\www\peeko\app\webroot\admin\lib\Cake\Core\App.php(929): call_user_func('ErrorHandler::h...', 1, 'Maximum executi...', 'C:\wamp\www\pee...', 55, Array)
#3 C:\wamp\www\peeko\app\webroot\admin\lib\Cake\Core\App.php(902): App::_checkFatalError()
#4 [internal function]: App::shutdown()
#5 {main}
2013-12-25 17:32:38 Error: Fatal Error (1): Maximum execution time of 30 seconds exceeded in [C:\wamp\www\peeko\app\webroot\admin\app\Controller\BlocksController.php, line 55]
2013-12-25 17:32:38 Error: [FatalErrorException] Maximum execution time of 30 seconds exceeded
Request URL: /app/webroot/admin/blocks/getsite
Stack Trace:
#0 C:\wamp\www\peeko\app\webroot\admin\lib\Cake\Error\ErrorHandler.php(203): ErrorHandler::handleFatalError(1, 'Maximum executi...', 'C:\wamp\www\pee...', 55)
#1 [internal function]: ErrorHandler::handleError(1, 'Maximum executi...', 'C:\wamp\www\pee...', 55, Array)
#2 C:\wamp\www\peeko\app\webroot\admin\lib\Cake\Core\App.php(929): call_user_func('ErrorHandler::h...', 1, 'Maximum executi...', 'C:\wamp\www\pee...', 55, Array)
#3 C:\wamp\www\peeko\app\webroot\admin\lib\Cake\Core\App.php(902): App::_checkFatalError()
#4 [internal function]: App::shutdown()
#5 {main}
2013-12-25 17:34:27 Error: Fatal Error (1): Maximum execution time of 30 seconds exceeded in [C:\wamp\www\peeko\app\webroot\admin\app\Controller\BlocksController.php, line 55]
2013-12-25 17:34:27 Error: [FatalErrorException] Maximum execution time of 30 seconds exceeded
Request URL: /app/webroot/admin/blocks/getsite
Stack Trace:
#0 C:\wamp\www\peeko\app\webroot\admin\lib\Cake\Error\ErrorHandler.php(203): ErrorHandler::handleFatalError(1, 'Maximum executi...', 'C:\wamp\www\pee...', 55)
#1 [internal function]: ErrorHandler::handleError(1, 'Maximum executi...', 'C:\wamp\www\pee...', 55, Array)
#2 C:\wamp\www\peeko\app\webroot\admin\lib\Cake\Core\App.php(929): call_user_func('ErrorHandler::h...', 1, 'Maximum executi...', 'C:\wamp\www\pee...', 55, Array)
#3 C:\wamp\www\peeko\app\webroot\admin\lib\Cake\Core\App.php(902): App::_checkFatalError()
#4 [internal function]: App::shutdown()
#5 {main}
2013-12-25 17:35:44 Error: Fatal Error (1): Maximum execution time of 30 seconds exceeded in [C:\wamp\www\peeko\app\webroot\admin\app\Controller\BlocksController.php, line 55]
2013-12-25 17:35:44 Error: [FatalErrorException] Maximum execution time of 30 seconds exceeded
Request URL: /app/webroot/admin/blocks/getsite
Stack Trace:
#0 C:\wamp\www\peeko\app\webroot\admin\lib\Cake\Error\ErrorHandler.php(203): ErrorHandler::handleFatalError(1, 'Maximum executi...', 'C:\wamp\www\pee...', 55)
#1 [internal function]: ErrorHandler::handleError(1, 'Maximum executi...', 'C:\wamp\www\pee...', 55, Array)
#2 C:\wamp\www\peeko\app\webroot\admin\lib\Cake\Core\App.php(929): call_user_func('ErrorHandler::h...', 1, 'Maximum executi...', 'C:\wamp\www\pee...', 55, Array)
#3 C:\wamp\www\peeko\app\webroot\admin\lib\Cake\Core\App.php(902): App::_checkFatalError()
#4 [internal function]: App::shutdown()
#5 {main}
2013-12-25 17:40:33 Error: Fatal Error (1): Allowed memory size of 134217728 bytes exhausted (tried to allocate 286107 bytes) in [C:\wamp\www\peeko\app\webroot\admin\lib\Cake\Utility\Debugger.php, line 611]
2013-12-25 17:40:33 Error: [FatalErrorException] Allowed memory size of 134217728 bytes exhausted (tried to allocate 286107 bytes)
Request URL: /app/webroot/admin/blocks/getsite
Stack Trace:
#0 C:\wamp\www\peeko\app\webroot\admin\lib\Cake\Error\ErrorHandler.php(203): ErrorHandler::handleFatalError(1, 'Allowed memory ...', 'C:\wamp\www\pee...', 611)
#1 [internal function]: ErrorHandler::handleError(1, 'Allowed memory ...', 'C:\wamp\www\pee...', 611, Array)
#2 C:\wamp\www\peeko\app\webroot\admin\lib\Cake\Core\App.php(929): call_user_func('ErrorHandler::h...', 1, 'Allowed memory ...', 'C:\wamp\www\pee...', 611, Array)
#3 C:\wamp\www\peeko\app\webroot\admin\lib\Cake\Core\App.php(902): App::_checkFatalError()
#4 [internal function]: App::shutdown()
#5 {main}
2013-12-25 17:40:55 Error: Fatal Error (1): Maximum execution time of 30 seconds exceeded in [C:\wamp\www\peeko\app\webroot\admin\app\Controller\BlocksController.php, line 55]
2013-12-25 17:40:55 Error: [FatalErrorException] Maximum execution time of 30 seconds exceeded
Request URL: /app/webroot/admin/blocks/getsite
Stack Trace:
#0 C:\wamp\www\peeko\app\webroot\admin\lib\Cake\Error\ErrorHandler.php(203): ErrorHandler::handleFatalError(1, 'Maximum executi...', 'C:\wamp\www\pee...', 55)
#1 [internal function]: ErrorHandler::handleError(1, 'Maximum executi...', 'C:\wamp\www\pee...', 55, Array)
#2 C:\wamp\www\peeko\app\webroot\admin\lib\Cake\Core\App.php(929): call_user_func('ErrorHandler::h...', 1, 'Maximum executi...', 'C:\wamp\www\pee...', 55, Array)
#3 C:\wamp\www\peeko\app\webroot\admin\lib\Cake\Core\App.php(902): App::_checkFatalError()
#4 [internal function]: App::shutdown()
#5 {main}
2013-12-25 17:45:09 Error: Fatal Error (1): Allowed memory size of 134217728 bytes exhausted (tried to allocate 43074029 bytes) in [C:\wamp\www\peeko\app\webroot\admin\lib\Cake\Utility\Debugger.php, line 611]
2013-12-25 17:45:09 Error: [FatalErrorException] Allowed memory size of 134217728 bytes exhausted (tried to allocate 43074029 bytes)
Request URL: /app/webroot/admin/blocks/getsite
Stack Trace:
#0 C:\wamp\www\peeko\app\webroot\admin\lib\Cake\Error\ErrorHandler.php(203): ErrorHandler::handleFatalError(1, 'Allowed memory ...', 'C:\wamp\www\pee...', 611)
#1 [internal function]: ErrorHandler::handleError(1, 'Allowed memory ...', 'C:\wamp\www\pee...', 611, Array)
#2 C:\wamp\www\peeko\app\webroot\admin\lib\Cake\Core\App.php(929): call_user_func('ErrorHandler::h...', 1, 'Allowed memory ...', 'C:\wamp\www\pee...', 611, Array)
#3 C:\wamp\www\peeko\app\webroot\admin\lib\Cake\Core\App.php(902): App::_checkFatalError()
#4 [internal function]: App::shutdown()
#5 {main}
2013-12-25 17:48:16 Error: Fatal Error (1): Maximum execution time of 30 seconds exceeded in [C:\wamp\www\peeko\app\webroot\admin\app\Controller\BlocksController.php, line 55]
2013-12-25 17:48:16 Error: [FatalErrorException] Maximum execution time of 30 seconds exceeded
Request URL: /app/webroot/admin/blocks/getsite
Stack Trace:
#0 C:\wamp\www\peeko\app\webroot\admin\lib\Cake\Error\ErrorHandler.php(203): ErrorHandler::handleFatalError(1, 'Maximum executi...', 'C:\wamp\www\pee...', 55)
#1 [internal function]: ErrorHandler::handleError(1, 'Maximum executi...', 'C:\wamp\www\pee...', 55, Array)
#2 C:\wamp\www\peeko\app\webroot\admin\lib\Cake\Core\App.php(929): call_user_func('ErrorHandler::h...', 1, 'Maximum executi...', 'C:\wamp\www\pee...', 55, Array)
#3 C:\wamp\www\peeko\app\webroot\admin\lib\Cake\Core\App.php(902): App::_checkFatalError()
#4 [internal function]: App::shutdown()
#5 {main}
2013-12-25 18:05:53 Error: Fatal Error (1): Allowed memory size of 134217728 bytes exhausted (tried to allocate 383711 bytes) in [C:\wamp\www\peeko\app\webroot\admin\lib\Cake\Utility\Debugger.php, line 611]
2013-12-25 18:05:53 Error: [FatalErrorException] Allowed memory size of 134217728 bytes exhausted (tried to allocate 383711 bytes)
Request URL: /app/webroot/admin/blocks/getsite
Stack Trace:
#0 C:\wamp\www\peeko\app\webroot\admin\lib\Cake\Error\ErrorHandler.php(203): ErrorHandler::handleFatalError(1, 'Allowed memory ...', 'C:\wamp\www\pee...', 611)
#1 [internal function]: ErrorHandler::handleError(1, 'Allowed memory ...', 'C:\wamp\www\pee...', 611, Array)
#2 C:\wamp\www\peeko\app\webroot\admin\lib\Cake\Core\App.php(929): call_user_func('ErrorHandler::h...', 1, 'Allowed memory ...', 'C:\wamp\www\pee...', 611, Array)
#3 C:\wamp\www\peeko\app\webroot\admin\lib\Cake\Core\App.php(902): App::_checkFatalError()
#4 [internal function]: App::shutdown()
#5 {main}
2013-12-25 18:14:47 Error: Fatal Error (1): Cannot use object of type simple_html_dom_node as array in [C:\wamp\www\peeko\app\webroot\admin\app\Controller\BlocksController.php, line 113]
2013-12-25 18:14:47 Error: [FatalErrorException] Cannot use object of type simple_html_dom_node as array
Request URL: /app/webroot/admin/blocks/getsite
Stack Trace:
#0 C:\wamp\www\peeko\app\webroot\admin\lib\Cake\Error\ErrorHandler.php(203): ErrorHandler::handleFatalError(1, 'Cannot use obje...', 'C:\wamp\www\pee...', 113)
#1 [internal function]: ErrorHandler::handleError(1, 'Cannot use obje...', 'C:\wamp\www\pee...', 113, Array)
#2 C:\wamp\www\peeko\app\webroot\admin\lib\Cake\Core\App.php(929): call_user_func('ErrorHandler::h...', 1, 'Cannot use obje...', 'C:\wamp\www\pee...', 113, Array)
#3 C:\wamp\www\peeko\app\webroot\admin\lib\Cake\Core\App.php(902): App::_checkFatalError()
#4 [internal function]: App::shutdown()
#5 {main}
2013-12-25 18:15:21 Error: Fatal Error (1): Cannot use object of type simple_html_dom_node as array in [C:\wamp\www\peeko\app\webroot\admin\app\Controller\BlocksController.php, line 114]
2013-12-25 18:15:21 Error: [FatalErrorException] Cannot use object of type simple_html_dom_node as array
Request URL: /app/webroot/admin/blocks/getsite
Stack Trace:
#0 C:\wamp\www\peeko\app\webroot\admin\lib\Cake\Error\ErrorHandler.php(203): ErrorHandler::handleFatalError(1, 'Cannot use obje...', 'C:\wamp\www\pee...', 114)
#1 [internal function]: ErrorHandler::handleError(1, 'Cannot use obje...', 'C:\wamp\www\pee...', 114, Array)
#2 C:\wamp\www\peeko\app\webroot\admin\lib\Cake\Core\App.php(929): call_user_func('ErrorHandler::h...', 1, 'Cannot use obje...', 'C:\wamp\www\pee...', 114, Array)
#3 C:\wamp\www\peeko\app\webroot\admin\lib\Cake\Core\App.php(902): App::_checkFatalError()
#4 [internal function]: App::shutdown()
#5 {main}
2013-12-26 21:38:10 Error: Fatal Error (4): syntax error, unexpected '' days'' (T_CONSTANT_ENCAPSED_STRING) in [C:\wamp\www\peeko\app\webroot\admin\app\View\Brands\view.ctp, line 37]
2013-12-26 21:38:10 Error: [FatalErrorException] syntax error, unexpected '' days'' (T_CONSTANT_ENCAPSED_STRING)
Request URL: /app/webroot/admin/brands/view/528e3ad46e13ee9c290068c1
Stack Trace:
#0 C:\wamp\www\peeko\app\webroot\admin\lib\Cake\Error\ErrorHandler.php(203): ErrorHandler::handleFatalError(4, 'syntax error, u...', 'C:\wamp\www\pee...', 37)
#1 [internal function]: ErrorHandler::handleError(4, 'syntax error, u...', 'C:\wamp\www\pee...', 37, Array)
#2 C:\wamp\www\peeko\app\webroot\admin\lib\Cake\Core\App.php(929): call_user_func('ErrorHandler::h...', 4, 'syntax error, u...', 'C:\wamp\www\pee...', 37, Array)
#3 C:\wamp\www\peeko\app\webroot\admin\lib\Cake\Core\App.php(902): App::_checkFatalError()
#4 [internal function]: App::shutdown()
#5 {main}
2013-12-26 22:05:57 Error: Fatal Error (4): syntax error, unexpected ')' in [C:\wamp\www\peeko\app\webroot\admin\app\Controller\AppController.php, line 49]
2013-12-26 22:05:57 Error: [FatalErrorException] syntax error, unexpected ')'
Request URL: /app/webroot/admin/brands/view/528e3ad46e13ee9c290068c1
Stack Trace:
#0 C:\wamp\www\peeko\app\webroot\admin\lib\Cake\Error\ErrorHandler.php(203): ErrorHandler::handleFatalError(4, 'syntax error, u...', 'C:\wamp\www\pee...', 49)
#1 [internal function]: ErrorHandler::handleError(4, 'syntax error, u...', 'C:\wamp\www\pee...', 49, Array)
#2 C:\wamp\www\peeko\app\webroot\admin\lib\Cake\Core\App.php(929): call_user_func('ErrorHandler::h...', 4, 'syntax error, u...', 'C:\wamp\www\pee...', 49, Array)
#3 C:\wamp\www\peeko\app\webroot\admin\lib\Cake\Core\App.php(902): App::_checkFatalError()
#4 [internal function]: App::shutdown()
#5 {main}
2013-12-26 22:06:13 Error: Fatal Error (4): syntax error, unexpected ')' in [C:\wamp\www\peeko\app\webroot\admin\app\Controller\AppController.php, line 55]
2013-12-26 22:06:13 Error: [FatalErrorException] syntax error, unexpected ')'
Request URL: /app/webroot/admin/brands/view/528e3ad46e13ee9c290068c1
Stack Trace:
#0 C:\wamp\www\peeko\app\webroot\admin\lib\Cake\Error\ErrorHandler.php(203): ErrorHandler::handleFatalError(4, 'syntax error, u...', 'C:\wamp\www\pee...', 55)
#1 [internal function]: ErrorHandler::handleError(4, 'syntax error, u...', 'C:\wamp\www\pee...', 55, Array)
#2 C:\wamp\www\peeko\app\webroot\admin\lib\Cake\Core\App.php(929): call_user_func('ErrorHandler::h...', 4, 'syntax error, u...', 'C:\wamp\www\pee...', 55, Array)
#3 C:\wamp\www\peeko\app\webroot\admin\lib\Cake\Core\App.php(902): App::_checkFatalError()
#4 [internal function]: App::shutdown()
#5 {main}
2013-12-27 02:13:22 Error: [MissingActionException] Action BlocksController::index() could not be found.
Exception Attributes: array (
  'controller' => 'BlocksController',
  'action' => 'index',
)
Request URL: /app/webroot/admin/blocks/index/2/wii-remote-plus-mario-by-nintendo-of-america
Stack Trace:
#0 C:\wamp\www\peeko\app\webroot\admin\lib\Cake\Routing\Dispatcher.php(185): Controller->invokeAction(Object(CakeRequest))
#1 C:\wamp\www\peeko\app\webroot\admin\lib\Cake\Routing\Dispatcher.php(160): Dispatcher->_invoke(Object(BlocksController), Object(CakeRequest), Object(CakeResponse))
#2 C:\wamp\www\peeko\app\webroot\admin\app\webroot\index.php(108): Dispatcher->dispatch(Object(CakeRequest), Object(CakeResponse))
#3 {main}
2013-12-27 02:14:09 Error: [MissingActionException] Action BlocksController::index() could not be found.
Exception Attributes: array (
  'controller' => 'BlocksController',
  'action' => 'index',
)
Request URL: /app/webroot/admin/blocks/index/2/wii-remote-plus-mario-by-nintendo-of-america
Stack Trace:
#0 C:\wamp\www\peeko\app\webroot\admin\lib\Cake\Routing\Dispatcher.php(185): Controller->invokeAction(Object(CakeRequest))
#1 C:\wamp\www\peeko\app\webroot\admin\lib\Cake\Routing\Dispatcher.php(160): Dispatcher->_invoke(Object(BlocksController), Object(CakeRequest), Object(CakeResponse))
#2 C:\wamp\www\peeko\app\webroot\admin\app\webroot\index.php(108): Dispatcher->dispatch(Object(CakeRequest), Object(CakeResponse))
#3 {main}
2013-12-27 02:14:16 Error: Fatal Error (4): syntax error, unexpected ')', expecting ',' or ';' in [C:\wamp\www\peeko\app\webroot\admin\app\View\Brands\view.ctp, line 48]
2013-12-27 02:14:16 Error: [FatalErrorException] syntax error, unexpected ')', expecting ',' or ';'
Request URL: /app/webroot/admin/brands/view/528e3ab96e13ee9c29006863
Stack Trace:
#0 C:\wamp\www\peeko\app\webroot\admin\lib\Cake\Error\ErrorHandler.php(203): ErrorHandler::handleFatalError(4, 'syntax error, u...', 'C:\wamp\www\pee...', 48)
#1 [internal function]: ErrorHandler::handleError(4, 'syntax error, u...', 'C:\wamp\www\pee...', 48, Array)
#2 C:\wamp\www\peeko\app\webroot\admin\lib\Cake\Core\App.php(929): call_user_func('ErrorHandler::h...', 4, 'syntax error, u...', 'C:\wamp\www\pee...', 48, Array)
#3 C:\wamp\www\peeko\app\webroot\admin\lib\Cake\Core\App.php(902): App::_checkFatalError()
#4 [internal function]: App::shutdown()
#5 {main}
